\BOOKMARK [0][-]{chapter.1}{Introducci\363n}{}% 1
\BOOKMARK [1][-]{section.1.1}{Prop\363sito}{chapter.1}% 2
\BOOKMARK [1][-]{section.1.2}{Alcance}{chapter.1}% 3
\BOOKMARK [1][-]{section.1.3}{Definiciones, acr\363nimos y abreviaturas}{chapter.1}% 4
\BOOKMARK [1][-]{section.1.4}{Referencias}{chapter.1}% 5
\BOOKMARK [1][-]{section.1.5}{Contenido y organizaci\363n}{chapter.1}% 6
\BOOKMARK [0][-]{chapter.2}{An\341lisis del problema}{}% 7
\BOOKMARK [1][-]{section.2.1}{Contexto del sistema}{chapter.2}% 8
\BOOKMARK [1][-]{section.2.2}{Procesos actuales}{chapter.2}% 9
\BOOKMARK [2][-]{subsection.2.2.1}{Participantes}{section.2.2}% 10
\BOOKMARK [2][-]{subsection.2.2.2}{Procesos}{section.2.2}% 11
\BOOKMARK [1][-]{section.2.3}{Problemas identificados}{chapter.2}% 12
\BOOKMARK [2][-]{subsection.2.3.1}{Problema general}{section.2.3}% 13
\BOOKMARK [2][-]{subsection.2.3.2}{Descomposici\363n del problema}{section.2.3}% 14
\BOOKMARK [2][-]{subsection.2.3.3}{An\341lisis de causas}{section.2.3}% 15
\BOOKMARK [1][-]{section.2.4}{Propuesta de soluci\363n}{chapter.2}% 16
\BOOKMARK [2][-]{subsection.2.4.1}{Alternativas de soluci\363n}{section.2.4}% 17
\BOOKMARK [0][-]{chapter.3}{Propuesta de soluci\363n}{}% 18
\BOOKMARK [1][-]{section.3.1}{Objetivos}{chapter.3}% 19
\BOOKMARK [2][-]{subsection.3.1.1}{Objetivo general}{section.3.1}% 20
\BOOKMARK [2][-]{subsection.3.1.2}{Objetivos espec\355ficos}{section.3.1}% 21
\BOOKMARK [0][-]{chapter.4}{Modelo de Negocios}{}% 22
\BOOKMARK [1][-]{section.4.1}{Glosario de t\351rminos}{chapter.4}% 23
\BOOKMARK [1][-]{section.4.2}{Proceso ajustado}{chapter.4}% 24
\BOOKMARK [2][-]{subsection.4.2.1}{Proceso de citas}{section.4.2}% 25
\BOOKMARK [2][-]{subsection.4.2.2}{Proceso de pago de citas}{section.4.2}% 26
\BOOKMARK [2][-]{subsection.4.2.3}{Proceso de adquisici\363n de medicamentos}{section.4.2}% 27
\BOOKMARK [1][-]{section.4.3}{Procesos actuales}{chapter.4}% 28
\BOOKMARK [2][-]{subsection.4.3.1}{Participantes}{section.4.3}% 29
\BOOKMARK [2][-]{subsection.4.3.2}{Proceso de citas}{section.4.3}% 30
\BOOKMARK [2][-]{subsection.4.3.3}{Proceso de pago de citas}{section.4.3}% 31
\BOOKMARK [2][-]{subsection.4.3.4}{Proceso de adquisici\363n de medicamentos}{section.4.3}% 32
\BOOKMARK [1][-]{section.4.4}{Modelo de entidades del negocio}{chapter.4}% 33
\BOOKMARK [1][-]{section.4.5}{Descripci\363n de atributos}{chapter.4}% 34
\BOOKMARK [2][-]{subsection.4.5.1}{Atributos de Usuario:}{section.4.5}% 35
\BOOKMARK [2][-]{subsection.4.5.2}{Atributos de Paciente:}{section.4.5}% 36
\BOOKMARK [2][-]{subsection.4.5.3}{Atributos de M\351dico:}{section.4.5}% 37
\BOOKMARK [2][-]{subsection.4.5.4}{Atributos de Enfermera:}{section.4.5}% 38
\BOOKMARK [2][-]{subsection.4.5.5}{Atributos de Gerente:}{section.4.5}% 39
\BOOKMARK [2][-]{subsection.4.5.6}{Atributos de Cajero:}{section.4.5}% 40
\BOOKMARK [2][-]{subsection.4.5.7}{Atributos de Horario:}{section.4.5}% 41
\BOOKMARK [2][-]{subsection.4.5.8}{Atributos de Consultorio:}{section.4.5}% 42
\BOOKMARK [2][-]{subsection.4.5.9}{Atributos de Enfermedad:}{section.4.5}% 43
\BOOKMARK [2][-]{subsection.4.5.10}{Atributos de Cirug\355a:}{section.4.5}% 44
\BOOKMARK [2][-]{subsection.4.5.11}{Atributos de Alergia:}{section.4.5}% 45
\BOOKMARK [2][-]{subsection.4.5.12}{Atributos de AntecedenteFamiliar:}{section.4.5}% 46
\BOOKMARK [2][-]{subsection.4.5.13}{Atributos de AntecedentesPersonales:}{section.4.5}% 47
\BOOKMARK [2][-]{subsection.4.5.14}{Atributos de Embarazo:}{section.4.5}% 48
\BOOKMARK [2][-]{subsection.4.5.15}{Atributos de Anticonceptivo:}{section.4.5}% 49
\BOOKMARK [2][-]{subsection.4.5.16}{Atributos de Mastograf\355a}{section.4.5}% 50
\BOOKMARK [2][-]{subsection.4.5.17}{Atributos de Papanicolaou}{section.4.5}% 51
\BOOKMARK [2][-]{subsection.4.5.18}{Atributos de Consulta:}{section.4.5}% 52
\BOOKMARK [2][-]{subsection.4.5.19}{Atributos de Recomendaci\363n:}{section.4.5}% 53
\BOOKMARK [2][-]{subsection.4.5.20}{Atributos de Medicamento:}{section.4.5}% 54
\BOOKMARK [2][-]{subsection.4.5.21}{Atributos de Pago}{section.4.5}% 55
\BOOKMARK [2][-]{subsection.4.5.22}{Atributos de Producto}{section.4.5}% 56
\BOOKMARK [1][-]{section.4.6}{Reglas de Negocio}{chapter.4}% 57
\BOOKMARK [0][-]{chapter.5}{Modelo del despliegue del sistema}{}% 58
\BOOKMARK [1][-]{section.5.1}{Modelo de despliegue}{chapter.5}% 59
\BOOKMARK [2][-]{subsection.5.1.1}{Requerimientos no funcionales}{section.5.1}% 60
\BOOKMARK [2][-]{subsection.5.1.2}{Modelo de despliegue del sistema}{section.5.1}% 61
\BOOKMARK [2][-]{subsection.5.1.3}{Especificaci\363n de Plataforma}{section.5.1}% 62
\BOOKMARK [0][-]{chapter.6}{Modelo de comportamiento}{}% 63
\BOOKMARK [1][-]{section.6.1}{CU2 Agendar Cita}{chapter.6}% 64
\BOOKMARK [2][-]{subsection.6.1.1}{Descripci\363n completa}{section.6.1}% 65
\BOOKMARK [2][-]{subsection.6.1.2}{Atributos importantes}{section.6.1}% 66
\BOOKMARK [2][-]{subsection.6.1.3}{Trayectorias del Caso de Uso}{section.6.1}% 67
\BOOKMARK [1][-]{section.6.2}{CU3 Consultar Citas}{chapter.6}% 68
\BOOKMARK [2][-]{subsection.6.2.1}{Descripci\363n completa}{section.6.2}% 69
\BOOKMARK [2][-]{subsection.6.2.2}{Atributos importantes}{section.6.2}% 70
\BOOKMARK [2][-]{subsection.6.2.3}{Trayectorias del Caso de Uso}{section.6.2}% 71
\BOOKMARK [1][-]{section.6.3}{CU21 Consultar Paciente}{chapter.6}% 72
\BOOKMARK [2][-]{subsection.6.3.1}{Descripci\363n completa}{section.6.3}% 73
\BOOKMARK [2][-]{subsection.6.3.2}{Atributos importantes}{section.6.3}% 74
\BOOKMARK [2][-]{subsection.6.3.3}{Trayectorias del Caso de Uso}{section.6.3}% 75
\BOOKMARK [0][-]{chapter.7}{Modelo de la Interacci\363n}{}% 76
